  main.cpp
D:\docs\githubRepo\ALibVector\ALibVector\vector.h(74,25): warning C4018: '>': signed/unsigned mismatch
D:\docs\githubRepo\ALibVector\ALibVector\vector.h(73): message : while compiling class template member function 'T &Vector<T>::at(int)'
          with
          [
              T=std::string
          ]
D:\docs\githubRepo\ALibVector\ALibVector\vector.h(68): message : see reference to function template instantiation 'T &Vector<T>::at(int)' being compiled
          with
          [
              T=std::string
          ]
D:\docs\githubRepo\ALibVector\ALibVector\vector.h(40): message : while compiling class template member function 'void Vector<std::string>::pushBack(T)'
          with
          [
              T=std::string
          ]
D:\docs\githubRepo\ALibVector\ALibVector\main.cpp(10): message : see reference to function template instantiation 'void Vector<std::string>::pushBack(T)' being compiled
          with
          [
              T=std::string
          ]
D:\docs\githubRepo\ALibVector\ALibVector\main.cpp(6): message : see reference to class template instantiation 'Vector<std::string>' being compiled
  ALibVector.vcxproj -> D:\docs\githubRepo\ALibVector\Debug\ALibVector.exe
